dereva_smart_android/app/build/outputs/mapping/release/seeds.txt
com.dereva.smart.DerevaApplication
com.dereva.smart.domain.model.BadgeType
com.dereva.smart.data.local.entity.SchoolCommissionEntity
com.dereva.smart.domain.model.PaymentHistory$Creator
com.dereva.smart.domain.model.QuestionOption$WhenMappings
com.dereva.smart.domain.model.UserSubscription
com.dereva.smart.domain.model.StudyRecommendation$Creator
com.dereva.smart.domain.model.TestStatus
com.dereva.smart.data.local.entity.MediaAssetEntity
com.dereva.smart.domain.model.Achievement
com.dereva.smart.domain.model.QuestionOption
com.dereva.smart.domain.model.SchoolCommission
com.dereva.smart.domain.model.PromoCode
com.dereva.smart.domain.model.ModuleSchedule
com.dereva.smart.domain.model.TestResult$Creator
com.dereva.smart.domain.model.StudyRecommendation
com.dereva.smart.domain.model.PaymentResult$Creator
com.dereva.smart.domain.model.PasswordResetRequest$Creator
com.dereva.smart.domain.model.StreakInfo
com.dereva.smart.domain.model.SyncStatus
com.dereva.smart.domain.model.Language
com.dereva.smart.domain.model.SubscriptionTier
com.dereva.smart.domain.model.AuthState$Creator
com.dereva.smart.data.local.entity.SchoolEntityKt
com.dereva.smart.data.local.entity.ModuleScheduleEntity
com.dereva.smart.domain.model.SchoolLinking
com.dereva.smart.domain.model.CurriculumTopic
com.dereva.smart.domain.model.Module
com.dereva.smart.domain.model.LoginRequest
com.dereva.smart.data.local.entity.UserSubscriptionEntity
com.dereva.smart.domain.model.ContentStats
com.dereva.smart.domain.model.User
com.dereva.smart.data.local.DerevaDatabase
com.dereva.smart.domain.model.AuthState
com.dereva.smart.domain.model.MockTest$Creator
com.dereva.smart.data.local.entity.MockTestEntity
com.dereva.smart.domain.model.MockTest
com.dereva.smart.data.local.entity.CurriculumTopicEntity
com.dereva.smart.data.local.entity.DrivingSchoolEntity
com.dereva.smart.domain.model.Conversation
com.dereva.smart.domain.model.LessonProgress$Creator
com.dereva.smart.data.local.entity.AuthSessionEntity
com.dereva.smart.data.local.entity.AuthEntityKt
com.dereva.smart.domain.model.LessonProgress
com.dereva.smart.data.download.DownloadWorker
com.dereva.smart.data.local.entity.Converters$toQuestionOptionList$type$1
com.dereva.smart.domain.model.ConversationMessage
com.dereva.smart.data.local.entity.ContentSyncMetadataEntity
com.dereva.smart.domain.model.VerificationCode$Creator
com.dereva.smart.data.local.DerevaDatabase_Impl
com.dereva.smart.domain.model.ReferralCode
com.dereva.smart.data.local.entity.PromoCodeEntity
com.dereva.smart.data.local.entity.ConvertersKt$toStringList$type$1
com.dereva.smart.domain.model.DrivingSchool
com.dereva.smart.data.local.entity.PaymentResultEntity
com.dereva.smart.data.local.entity.LessonProgressEntity
com.dereva.smart.domain.model.Question$Creator
com.dereva.smart.domain.model.ModuleDownload$Creator
com.dereva.smart.data.local.entity.StudySessionEntity
com.dereva.smart.domain.model.ConversationMessage$Creator
com.dereva.smart.domain.model.ContentSyncMetadata$Creator
com.dereva.smart.data.local.entity.ConvertersKt$toStringIntMap$type$1
com.dereva.smart.domain.model.ModuleStatus
com.dereva.smart.data.local.entity.VerificationCodeEntity
com.dereva.smart.domain.model.LicenseCategory
com.dereva.smart.domain.model.RegistrationRequest
com.dereva.smart.domain.model.User$Creator
com.dereva.smart.data.local.entity.QuestionEntity
com.dereva.smart.domain.model.TutorResponse
com.dereva.smart.domain.model.ReferralCode$Creator
com.dereva.smart.domain.model.Module$Creator
com.dereva.smart.domain.model.PaymentRequest
com.dereva.smart.domain.model.Achievement$WhenMappings
com.dereva.smart.domain.model.AuthResult$Creator
com.dereva.smart.data.local.entity.Converters$toLicenseCategoryList$type$1
com.dereva.smart.data.local.entity.TutorEntity
com.dereva.smart.data.local.entity.ModuleEntity
com.dereva.smart.data.local.entity.TestResultEntity
com.dereva.smart.domain.model.LeaderboardEntry
com.dereva.smart.domain.model.AuthError
...
com.google.android.gms.tasks.zzp: void onFailure(java.lang.Exception)
com.google.android.gms.internal.firebase-auth-api.zzakr: void zzb(java.lang.Object,int)
com.google.android.gms.internal.firebase-auth-api.zzahn: void zzc(int)
com.google.android.recaptcha.internal.zzjy: com.google.android.recaptcha.internal.zzfw zzb(long)
com.google.android.gms.internal.firebase-auth-api.zzacz: void zza(com.google.android.gms.internal.firebase-auth-api.zzafn,com.google.android.gms.internal.firebase-auth-api.zzafc)
androidx.lifecycle.Lifecycle$Event: androidx.lifecycle.Lifecycle$Event valueOf(java.lang.String)
com.google.android.recaptcha.internal.zzea: int zza(byte[],java.lang.CharSequence)
androidx.appcompat.widget.ActionMenuView: int getPopupTheme()
com.google.android.gms.internal.firebase-auth-api.zzagr: void writeToParcel(android.os.Parcel,int)
com.google.android.gms.internal.firebase-auth-api.zzcj: zzcj(java.lang.Class)
com.google.android.gms.internal.firebase-auth-api.zzahi: java.lang.Class zza()
com.google.android.gms.internal.firebase-auth-api.zzcu: com.google.android.gms.internal.firebase-auth-api.zzch zza(byte[])
com.google.ai.client.generativeai.internal.api.APIControllerKt$postStream$2$1$2: java.lang.Object invoke(io.ktor.client.statement.HttpResponse,kotlin.coroutines.Continuation)
com.google.android.gms.internal.firebase-auth-api.zzqr: zzqr()
com.google.android.gms.internal.firebase-auth-api.zzfw: zzfw(com.google.android.gms.internal.firebase-auth-api.zzfu,java.lang.Class)
com.google.gson.internal.bind.JsonTreeReader: void endObject()
com.google.android.gms.internal.firebase-auth-api.zzot: java.lang.Object initialValue()
com.google.android.gms.internal.firebase-auth-api.zzik: zzik(com.google.android.gms.internal.firebase-auth-api.zzir,com.google.android.gms.internal.firebase-auth-api.zzxu,com.google.android.gms.internal.firebase-auth-api.zzxt,java.lang.Integer,com.google.android.gms.internal.firebase-auth-api.zzio)
com.google.android.gms.internal.firebase-auth-api.zzsj: com.google.android.gms.internal.firebase-auth-api.zzsj zzd()
androidx.appcompat.widget.ContentFrameLayout: android.util.TypedValue getFixedWidthMinor()
com.google.android.recaptcha.internal.zzhn: int hashCode()
com.google.android.gms.internal.firebase-auth-api.zzdv: java.lang.String zze()
com.google.android.material.internal.ForegroundLinearLayout: void setForeground(android.graphics.drawable.Drawable)
androidx.compose.ui.platform.ViewLayer: androidx.compose.ui.graphics.Path getManualClipPath()
com.google.android.gms.internal.firebase-auth-api.zzalc: void zzq(java.util.List)
com.google.android.gms.internal.firebase-auth-api.zzfc$zza: com.google.android.gms.internal.firebase-auth-api.zzfc$zza zza(com.google.android.gms.internal.firebase-auth-api.zzxu)
com.google.android.gms.internal.firebase-auth-api.zzajb: boolean equals(java.lang.Object)
com.google.android.gms.internal.firebase-auth-api.zzagh: long zza()
com.google.ai.client.generativeai.internal.api.client.GenerationConfig: void getTopP$annotations()
com.google.android.gms.internal.firebase-auth-api.zzady: void onReceive(android.content.Context,android.content.Intent)
com.google.android.gms.internal.firebase-auth-api.zzdz: zzdz()
com.google.android.gms.internal.firebase-auth-api.zzahp: java.lang.String toString()
com.google.android.recaptcha.internal.zzch: zzch()
com.google.android.gms.internal.common.zzj: java.lang.Object next()
android.support.v4.media.AudioAttributesCompatParcelizer: AudioAttributesCompatParcelizer()
com.google.gson.internal.$Gson$Types$GenericArrayTypeImpl: int hashCode()
com.google.ai.client.generativeai.internal.api.server.PromptFeedback: com.google.ai.client.generativeai.internal.api.server.BlockReason component1()
com.google.ai.client.generativeai.internal.api.server.Candidate: java.lang.String toString()
com.google.android.gms.internal.firebase-auth-api.zzaly: byte zza(int)